21:10:24 **** Rebuild of configuration Debug for project EWARM ****
Info: Internal Builder is used for build
arm-atollic-eabi-gcc -c ..\..\Middlewares\Third_Party\FreeRTOS\Source\CMSIS_RTOS\cmsis_os.c -mthumb -mcpu=cortex-m0 -std=gnu11 -DSTM32F051x8 -DUSE_FULL_LL_DRIVER -DDONT_USE_HAL_DRIVER -DDEBUG -D__ARM7__=7 -D__ARM4TM__=4 -D__ARM6SM__=12 -D__ARM8M_MAINLINE__=17 -D__ARM7EM__=13 -D__ARM7M__=7 -D__ARM8M_BASELINE__=16 -D__ARM5__=5 -D__ARM7R__=7 -D__CORE__=__ARM6M__ -I../../Inc -I../../Drivers/STM32F0xx_HAL_Driver/Inc -I../../Drivers/STM32F0xx_HAL_Driver/Inc/Legacy -I../../Middlewares/Third_Party/FreeRTOS/Source/portable/IAR/ARM_CM0 -I../../Drivers/CMSIS/Device/ST/STM32F0xx/Include -I../../Drivers/nRF24L01 -I../../Middlewares/Third_Party/FreeRTOS/Source/include -I../../Middlewares/Third_Party/FreeRTOS/Source/CMSIS_RTOS -I../../Drivers/CMSIS/Include -I../../../../../../Common/Inc -O0 -ffunction-sections -fdata-sections -g -fstack-usage -Wall -specs=nano.specs -o Middlewares\FreeRTOS\cmsis_os.o 
In file included from ../../Middlewares/Third_Party/FreeRTOS/Source/include/portable.h:94:0,
                 from ../../Middlewares/Third_Party/FreeRTOS/Source/include/FreeRTOS.h:104,
                 from ..\..\Middlewares\Third_Party\FreeRTOS\Source\CMSIS_RTOS\cmsis_os.h:101,
                 from ..\..\Middlewares\Third_Party\FreeRTOS\Source\CMSIS_RTOS\cmsis_os.c:100:
../../Middlewares/Third_Party/FreeRTOS/Source/portable/IAR/ARM_CM0/portmacro.h:163:0: warning: ignoring #pragma diag_suppress  [-Wunknown-pragmas]
 #pragma diag_suppress=Pa082
 
arm-atollic-eabi-gcc -c ..\..\Drivers\STM32F0xx_HAL_Driver\Src\stm32f0xx_ll_exti.c -mthumb -mcpu=cortex-m0 -std=gnu11 -DSTM32F051x8 -DUSE_FULL_LL_DRIVER -DDONT_USE_HAL_DRIVER -DDEBUG -D__ARM7__=7 -D__ARM4TM__=4 -D__ARM6SM__=12 -D__ARM8M_MAINLINE__=17 -D__ARM7EM__=13 -D__ARM7M__=7 -D__ARM8M_BASELINE__=16 -D__ARM5__=5 -D__ARM7R__=7 -D__CORE__=__ARM6M__ -I../../Inc -I../../Drivers/STM32F0xx_HAL_Driver/Inc -I../../Drivers/STM32F0xx_HAL_Driver/Inc/Legacy -I../../Middlewares/Third_Party/FreeRTOS/Source/portable/IAR/ARM_CM0 -I../../Drivers/CMSIS/Device/ST/STM32F0xx/Include -I../../Drivers/nRF24L01 -I../../Middlewares/Third_Party/FreeRTOS/Source/include -I../../Middlewares/Third_Party/FreeRTOS/Source/CMSIS_RTOS -I../../Drivers/CMSIS/Include -I../../../../../../Common/Inc -O0 -ffunction-sections -fdata-sections -g -fstack-usage -Wall -specs=nano.specs -o Drivers\STM32F0xx_HAL_Driver\stm32f0xx_ll_exti.o 
arm-atollic-eabi-gcc -c ..\..\Drivers\STM32F0xx_HAL_Driver\Src\stm32f0xx_hal_gpio.c -mthumb -mcpu=cortex-m0 -std=gnu11 -DSTM32F051x8 -DUSE_FULL_LL_DRIVER -DDONT_USE_HAL_DRIVER -DDEBUG -D__ARM7__=7 -D__ARM4TM__=4 -D__ARM6SM__=12 -D__ARM8M_MAINLINE__=17 -D__ARM7EM__=13 -D__ARM7M__=7 -D__ARM8M_BASELINE__=16 -D__ARM5__=5 -D__ARM7R__=7 -D__CORE__=__ARM6M__ -I../../Inc -I../../Drivers/STM32F0xx_HAL_Driver/Inc -I../../Drivers/STM32F0xx_HAL_Driver/Inc/Legacy -I../../Middlewares/Third_Party/FreeRTOS/Source/portable/IAR/ARM_CM0 -I../../Drivers/CMSIS/Device/ST/STM32F0xx/Include -I../../Drivers/nRF24L01 -I../../Middlewares/Third_Party/FreeRTOS/Source/include -I../../Middlewares/Third_Party/FreeRTOS/Source/CMSIS_RTOS -I../../Drivers/CMSIS/Include -I../../../../../../Common/Inc -O0 -ffunction-sections -fdata-sections -g -fstack-usage -Wall -specs=nano.specs -o Drivers\STM32F0xx_HAL_Driver\stm32f0xx_hal_gpio.o 
arm-atollic-eabi-gcc -c ..\..\Drivers\STM32F0xx_HAL_Driver\Src\stm32f0xx_hal_i2c.c -mthumb -mcpu=cortex-m0 -std=gnu11 -DSTM32F051x8 -DUSE_FULL_LL_DRIVER -DDONT_USE_HAL_DRIVER -DDEBUG -D__ARM7__=7 -D__ARM4TM__=4 -D__ARM6SM__=12 -D__ARM8M_MAINLINE__=17 -D__ARM7EM__=13 -D__ARM7M__=7 -D__ARM8M_BASELINE__=16 -D__ARM5__=5 -D__ARM7R__=7 -D__CORE__=__ARM6M__ -I../../Inc -I../../Drivers/STM32F0xx_HAL_Driver/Inc -I../../Drivers/STM32F0xx_HAL_Driver/Inc/Legacy -I../../Middlewares/Third_Party/FreeRTOS/Source/portable/IAR/ARM_CM0 -I../../Drivers/CMSIS/Device/ST/STM32F0xx/Include -I../../Drivers/nRF24L01 -I../../Middlewares/Third_Party/FreeRTOS/Source/include -I../../Middlewares/Third_Party/FreeRTOS/Source/CMSIS_RTOS -I../../Drivers/CMSIS/Include -I../../../../../../Common/Inc -O0 -ffunction-sections -fdata-sections -g -fstack-usage -Wall -specs=nano.specs -o Drivers\STM32F0xx_HAL_Driver\stm32f0xx_hal_i2c.o 
arm-atollic-eabi-gcc -c ..\..\Middlewares\Third_Party\FreeRTOS\Source\portable\MemMang\heap_1.c -mthumb -mcpu=cortex-m0 -std=gnu11 -DSTM32F051x8 -DUSE_FULL_LL_DRIVER -DDONT_USE_HAL_DRIVER -DDEBUG -D__ARM7__=7 -D__ARM4TM__=4 -D__ARM6SM__=12 -D__ARM8M_MAINLINE__=17 -D__ARM7EM__=13 -D__ARM7M__=7 -D__ARM8M_BASELINE__=16 -D__ARM5__=5 -D__ARM7R__=7 -D__CORE__=__ARM6M__ -I../../Inc -I../../Drivers/STM32F0xx_HAL_Driver/Inc -I../../Drivers/STM32F0xx_HAL_Driver/Inc/Legacy -I../../Middlewares/Third_Party/FreeRTOS/Source/portable/IAR/ARM_CM0 -I../../Drivers/CMSIS/Device/ST/STM32F0xx/Include -I../../Drivers/nRF24L01 -I../../Middlewares/Third_Party/FreeRTOS/Source/include -I../../Middlewares/Third_Party/FreeRTOS/Source/CMSIS_RTOS -I../../Drivers/CMSIS/Include -I../../../../../../Common/Inc -O0 -ffunction-sections -fdata-sections -g -fstack-usage -Wall -specs=nano.specs -o Middlewares\FreeRTOS\heap_1.o 
In file included from ../../Middlewares/Third_Party/FreeRTOS/Source/include/portable.h:94:0,
                 from ../../Middlewares/Third_Party/FreeRTOS/Source/include/FreeRTOS.h:104,
                 from ..\..\Middlewares\Third_Party\FreeRTOS\Source\portable\MemMang\heap_1.c:85:
../../Middlewares/Third_Party/FreeRTOS/Source/portable/IAR/ARM_CM0/portmacro.h:163:0: warning: ignoring #pragma diag_suppress  [-Wunknown-pragmas]
 #pragma diag_suppress=Pa082
 
arm-atollic-eabi-gcc -c ..\..\Drivers\STM32F0xx_HAL_Driver\Src\stm32f0xx_hal_flash.c -mthumb -mcpu=cortex-m0 -std=gnu11 -DSTM32F051x8 -DUSE_FULL_LL_DRIVER -DDONT_USE_HAL_DRIVER -DDEBUG -D__ARM7__=7 -D__ARM4TM__=4 -D__ARM6SM__=12 -D__ARM8M_MAINLINE__=17 -D__ARM7EM__=13 -D__ARM7M__=7 -D__ARM8M_BASELINE__=16 -D__ARM5__=5 -D__ARM7R__=7 -D__CORE__=__ARM6M__ -I../../Inc -I../../Drivers/STM32F0xx_HAL_Driver/Inc -I../../Drivers/STM32F0xx_HAL_Driver/Inc/Legacy -I../../Middlewares/Third_Party/FreeRTOS/Source/portable/IAR/ARM_CM0 -I../../Drivers/CMSIS/Device/ST/STM32F0xx/Include -I../../Drivers/nRF24L01 -I../../Middlewares/Third_Party/FreeRTOS/Source/include -I../../Middlewares/Third_Party/FreeRTOS/Source/CMSIS_RTOS -I../../Drivers/CMSIS/Include -I../../../../../../Common/Inc -O0 -ffunction-sections -fdata-sections -g -fstack-usage -Wall -specs=nano.specs -o Drivers\STM32F0xx_HAL_Driver\stm32f0xx_hal_flash.o 
arm-atollic-eabi-gcc -c ..\..\Src\sound.c -mthumb -mcpu=cortex-m0 -std=gnu11 -DSTM32F051x8 -DUSE_FULL_LL_DRIVER -DDONT_USE_HAL_DRIVER -DDEBUG -D__ARM7__=7 -D__ARM4TM__=4 -D__ARM6SM__=12 -D__ARM8M_MAINLINE__=17 -D__ARM7EM__=13 -D__ARM7M__=7 -D__ARM8M_BASELINE__=16 -D__ARM5__=5 -D__ARM7R__=7 -D__CORE__=__ARM6M__ -I../../Inc -I../../Drivers/STM32F0xx_HAL_Driver/Inc -I../../Drivers/STM32F0xx_HAL_Driver/Inc/Legacy -I../../Middlewares/Third_Party/FreeRTOS/Source/portable/IAR/ARM_CM0 -I../../Drivers/CMSIS/Device/ST/STM32F0xx/Include -I../../Drivers/nRF24L01 -I../../Middlewares/Third_Party/FreeRTOS/Source/include -I../../Middlewares/Third_Party/FreeRTOS/Source/CMSIS_RTOS -I../../Drivers/CMSIS/Include -I../../../../../../Common/Inc -O0 -ffunction-sections -fdata-sections -g -fstack-usage -Wall -specs=nano.specs -o Application\User\sound.o 
In file included from ../../Middlewares/Third_Party/FreeRTOS/Source/include/portable.h:94:0,
                 from ../../Middlewares/Third_Party/FreeRTOS/Source/include/freertos.h:104,
                 from ..\..\Src\sound.c:6:
../../Middlewares/Third_Party/FreeRTOS/Source/portable/IAR/ARM_CM0/portmacro.h:163:0: warning: ignoring #pragma diag_suppress  [-Wunknown-pragmas]
 #pragma diag_suppress=Pa082
 
arm-atollic-eabi-gcc -c ..\..\Drivers\nRF24L01\nRF24L01.c -mthumb -mcpu=cortex-m0 -std=gnu11 -DSTM32F051x8 -DUSE_FULL_LL_DRIVER -DDONT_USE_HAL_DRIVER -DDEBUG -D__ARM7__=7 -D__ARM4TM__=4 -D__ARM6SM__=12 -D__ARM8M_MAINLINE__=17 -D__ARM7EM__=13 -D__ARM7M__=7 -D__ARM8M_BASELINE__=16 -D__ARM5__=5 -D__ARM7R__=7 -D__CORE__=__ARM6M__ -I../../Inc -I../../Drivers/STM32F0xx_HAL_Driver/Inc -I../../Drivers/STM32F0xx_HAL_Driver/Inc/Legacy -I../../Middlewares/Third_Party/FreeRTOS/Source/portable/IAR/ARM_CM0 -I../../Drivers/CMSIS/Device/ST/STM32F0xx/Include -I../../Drivers/nRF24L01 -I../../Middlewares/Third_Party/FreeRTOS/Source/include -I../../Middlewares/Third_Party/FreeRTOS/Source/CMSIS_RTOS -I../../Drivers/CMSIS/Include -I../../../../../../Common/Inc -O0 -ffunction-sections -fdata-sections -g -fstack-usage -Wall -specs=nano.specs -o Drivers\nRF24L01\nRF24L01.o 
In file included from ../../Middlewares/Third_Party/FreeRTOS/Source/include/portable.h:94:0,
                 from ../../Middlewares/Third_Party/FreeRTOS/Source/include/FreeRTOS.h:104,
                 from ..\..\Drivers\nRF24L01\nRF24L01.c:4:
../../Middlewares/Third_Party/FreeRTOS/Source/portable/IAR/ARM_CM0/portmacro.h:163:0: warning: ignoring #pragma diag_suppress  [-Wunknown-pragmas]
 #pragma diag_suppress=Pa082
 
..\..\Drivers\nRF24L01\nRF24L01.c:31:39: warning: pointer targets in initialization differ in signedness [-Wpointer-sign]
 static const Address_t DEFAULT_ADDR = "\x00\x01\x02\x03\x04";
                                       ^~~~~~~~~~~~~~~~~~~~~~
..\..\Drivers\nRF24L01\nRF24L01.c: In function 'nRF24L01_GetRXPayloadWidth':
..\..\Drivers\nRF24L01\nRF24L01.c:298:5: warning: '__packed__' attribute ignored [-Wattributes]
     } rxbuf = {0, 0};
     ^
..\..\Drivers\nRF24L01\nRF24L01.c: In function 'nRF24L01_WaitForIRQ':
..\..\Drivers\nRF24L01\nRF24L01.c:367:14: warning: unused variable 'tim' [-Wunused-variable]
     uint32_t tim = HAL_GetTick() + timeout;
              ^~~
..\..\Drivers\nRF24L01\nRF24L01.c: In function 'SPI1_IRQHandler':
..\..\Drivers\nRF24L01\nRF24L01.c:488:14: warning: variable 'cause' set but not used [-Wunused-but-set-variable]
     uint32_t cause = SPI1->SR;
              ^~~~~
arm-atollic-eabi-gcc -c ..\..\Drivers\STM32F0xx_HAL_Driver\Src\stm32f0xx_ll_i2c.c -mthumb -mcpu=cortex-m0 -std=gnu11 -DSTM32F051x8 -DUSE_FULL_LL_DRIVER -DDONT_USE_HAL_DRIVER -DDEBUG -D__ARM7__=7 -D__ARM4TM__=4 -D__ARM6SM__=12 -D__ARM8M_MAINLINE__=17 -D__ARM7EM__=13 -D__ARM7M__=7 -D__ARM8M_BASELINE__=16 -D__ARM5__=5 -D__ARM7R__=7 -D__CORE__=__ARM6M__ -I../../Inc -I../../Drivers/STM32F0xx_HAL_Driver/Inc -I../../Drivers/STM32F0xx_HAL_Driver/Inc/Legacy -I../../Middlewares/Third_Party/FreeRTOS/Source/portable/IAR/ARM_CM0 -I../../Drivers/CMSIS/Device/ST/STM32F0xx/Include -I../../Drivers/nRF24L01 -I../../Middlewares/Third_Party/FreeRTOS/Source/include -I../../Middlewares/Third_Party/FreeRTOS/Source/CMSIS_RTOS -I../../Drivers/CMSIS/Include -I../../../../../../Common/Inc -O0 -ffunction-sections -fdata-sections -g -fstack-usage -Wall -specs=nano.specs -o Drivers\STM32F0xx_HAL_Driver\stm32f0xx_ll_i2c.o 
arm-atollic-eabi-gcc -c ..\..\Drivers\STM32F0xx_HAL_Driver\Src\stm32f0xx_ll_rtc.c -mthumb -mcpu=cortex-m0 -std=gnu11 -DSTM32F051x8 -DUSE_FULL_LL_DRIVER -DDONT_USE_HAL_DRIVER -DDEBUG -D__ARM7__=7 -D__ARM4TM__=4 -D__ARM6SM__=12 -D__ARM8M_MAINLINE__=17 -D__ARM7EM__=13 -D__ARM7M__=7 -D__ARM8M_BASELINE__=16 -D__ARM5__=5 -D__ARM7R__=7 -D__CORE__=__ARM6M__ -I../../Inc -I../../Drivers/STM32F0xx_HAL_Driver/Inc -I../../Drivers/STM32F0xx_HAL_Driver/Inc/Legacy -I../../Middlewares/Third_Party/FreeRTOS/Source/portable/IAR/ARM_CM0 -I../../Drivers/CMSIS/Device/ST/STM32F0xx/Include -I../../Drivers/nRF24L01 -I../../Middlewares/Third_Party/FreeRTOS/Source/include -I../../Middlewares/Third_Party/FreeRTOS/Source/CMSIS_RTOS -I../../Drivers/CMSIS/Include -I../../../../../../Common/Inc -O0 -ffunction-sections -fdata-sections -g -fstack-usage -Wall -specs=nano.specs -o Drivers\STM32F0xx_HAL_Driver\stm32f0xx_ll_rtc.o 
arm-atollic-eabi-gcc -c ..\..\Drivers\STM32F0xx_HAL_Driver\Src\stm32f0xx_hal_tim_ex.c -mthumb -mcpu=cortex-m0 -std=gnu11 -DSTM32F051x8 -DUSE_FULL_LL_DRIVER -DDONT_USE_HAL_DRIVER -DDEBUG -D__ARM7__=7 -D__ARM4TM__=4 -D__ARM6SM__=12 -D__ARM8M_MAINLINE__=17 -D__ARM7EM__=13 -D__ARM7M__=7 -D__ARM8M_BASELINE__=16 -D__ARM5__=5 -D__ARM7R__=7 -D__CORE__=__ARM6M__ -I../../Inc -I../../Drivers/STM32F0xx_HAL_Driver/Inc -I../../Drivers/STM32F0xx_HAL_Driver/Inc/Legacy -I../../Middlewares/Third_Party/FreeRTOS/Source/portable/IAR/ARM_CM0 -I../../Drivers/CMSIS/Device/ST/STM32F0xx/Include -I../../Drivers/nRF24L01 -I../../Middlewares/Third_Party/FreeRTOS/Source/include -I../../Middlewares/Third_Party/FreeRTOS/Source/CMSIS_RTOS -I../../Drivers/CMSIS/Include -I../../../../../../Common/Inc -O0 -ffunction-sections -fdata-sections -g -fstack-usage -Wall -specs=nano.specs -o Drivers\STM32F0xx_HAL_Driver\stm32f0xx_hal_tim_ex.o 
arm-atollic-eabi-gcc -c ..\..\Src\stm32f0xx_hal_timebase_TIM.c -mthumb -mcpu=cortex-m0 -std=gnu11 -DSTM32F051x8 -DUSE_FULL_LL_DRIVER -DDONT_USE_HAL_DRIVER -DDEBUG -D__ARM7__=7 -D__ARM4TM__=4 -D__ARM6SM__=12 -D__ARM8M_MAINLINE__=17 -D__ARM7EM__=13 -D__ARM7M__=7 -D__ARM8M_BASELINE__=16 -D__ARM5__=5 -D__ARM7R__=7 -D__CORE__=__ARM6M__ -I../../Inc -I../../Drivers/STM32F0xx_HAL_Driver/Inc -I../../Drivers/STM32F0xx_HAL_Driver/Inc/Legacy -I../../Middlewares/Third_Party/FreeRTOS/Source/portable/IAR/ARM_CM0 -I../../Drivers/CMSIS/Device/ST/STM32F0xx/Include -I../../Drivers/nRF24L01 -I../../Middlewares/Third_Party/FreeRTOS/Source/include -I../../Middlewares/Third_Party/FreeRTOS/Source/CMSIS_RTOS -I../../Drivers/CMSIS/Include -I../../../../../../Common/Inc -O0 -ffunction-sections -fdata-sections -g -fstack-usage -Wall -specs=nano.specs -o Application\User\stm32f0xx_hal_timebase_TIM.o 
arm-atollic-eabi-gcc -c ..\..\Middlewares\Third_Party\FreeRTOS\Source\portable\IAR\ARM_CM0\port.c -mthumb -mcpu=cortex-m0 -std=gnu11 -DSTM32F051x8 -DUSE_FULL_LL_DRIVER -DDONT_USE_HAL_DRIVER -DDEBUG -D__ARM7__=7 -D__ARM4TM__=4 -D__ARM6SM__=12 -D__ARM8M_MAINLINE__=17 -D__ARM7EM__=13 -D__ARM7M__=7 -D__ARM8M_BASELINE__=16 -D__ARM5__=5 -D__ARM7R__=7 -D__CORE__=__ARM6M__ -I../../Inc -I../../Drivers/STM32F0xx_HAL_Driver/Inc -I../../Drivers/STM32F0xx_HAL_Driver/Inc/Legacy -I../../Middlewares/Third_Party/FreeRTOS/Source/portable/IAR/ARM_CM0 -I../../Drivers/CMSIS/Device/ST/STM32F0xx/Include -I../../Drivers/nRF24L01 -I../../Middlewares/Third_Party/FreeRTOS/Source/include -I../../Middlewares/Third_Party/FreeRTOS/Source/CMSIS_RTOS -I../../Drivers/CMSIS/Include -I../../../../../../Common/Inc -O0 -ffunction-sections -fdata-sections -g -fstack-usage -Wall -specs=nano.specs -o Middlewares\FreeRTOS\port.o 
..\..\Middlewares\Third_Party\FreeRTOS\Source\portable\IAR\ARM_CM0\port.c:75:24: fatal error: intrinsics.h: No such file or directory
 #include "intrinsics.h"
                        ^
compilation terminated.

21:10:31 Build Finished (took 7s.30ms)

